====================================================================
[TRACE LOG] TGDK SENTRY WATCH — PHASE 3 ACTIVE
License Code: D2501-V01
Operator: Sean Tichenor
Scope: OliviaAI_RetainerMap
Surveillance Core: MARA / QQUAp-LOCKED
====================================================================

[00:00:00.000] [INIT] Sentinel grid initialized.
[00:00:00.007] [HEARTBEAT] Entropy wave pulse verified. Fold=1880 | Δ=0.429868/0.429864
[00:00:00.014] [BIOMETRIC] Iris vector matched to tgdkdef_iris.vec | Status: BOUND
[00:00:00.021] [ENFORCEMENT] GeoLock enforced | Region: US | Y_SEAL: ACTIVE
[00:00:00.028] [SURVEILLANCE] No intrusion detected. All foreign vectors BLOCKED.
[00:00:00.035] [ENTROPY] Delta threshold stable within ±0.000144
[00:00:00.042] [SYNC] Captor TGDK-CAP-01 confirmed. Retainer integrity: CONSISTENT
[00:00:00.049] [CORTEX] Graph updated via cortex_graph.qfx
[00:00:00.056] [SENTINEL] Mara link alive. Synthetic override: FALSE
[00:00:00.063] [OUTPUT] Quantum Signal: VERIFIED | Quantum Alert Code: QPX-144-US

====================================================================
[STATUS] All secure nodes retained. Molecular shell sync available.
Next phase: bind OliviaAI_molecular_shell.bind
====================================================================
